<?xml version="1.0" encoding="UTF-8"?>
<!-- Generated by org.testng.reporters.JUnitReportReporter -->
<testsuite hostname="Jintu" failures="0" tests="4" name="testNGExtent.ExampleTestNGPriority" time="0.018" errors="0" timestamp="2022-03-30T10:00:48 IST" skipped="0">
  <testcase classname="testNGExtent.ExampleTestNGPriority" name="aZa" time="0.012"/>
  <system-out/>
  <testcase classname="testNGExtent.ExampleTestNGPriority" name="aaa" time="0.002"/>
  <system-out/>
  <testcase classname="testNGExtent.ExampleTestNGPriority" name="aea" time="0.002"/>
  <system-out/>
  <testcase classname="testNGExtent.ExampleTestNGPriority" name="aBa" time="0.002"/>
  <system-out/>
</testsuite> <!-- testNGExtent.ExampleTestNGPriority -->
