<?xml version="1.0" encoding="UTF-8"?>
<!-- Generated by org.testng.reporters.JUnitReportReporter -->
<testsuite hostname="Jintu" failures="0" tests="4" name="testNGExtent.TestNGGrouping" time="0.014" errors="0" timestamp="2022-03-30T10:01:48 IST" skipped="0">
  <testcase classname="testNGExtent.TestNGGrouping" name="tc03" time="0.001"/>
  <system-out/>
  <testcase classname="testNGExtent.TestNGGrouping" name="tc04" time="0.001"/>
  <system-out/>
  <testcase classname="testNGExtent.TestNGGrouping" name="tc02" time="0.001"/>
  <system-out/>
  <testcase classname="testNGExtent.TestNGGrouping" name="tc01" time="0.011"/>
  <system-out/>
</testsuite> <!-- testNGExtent.TestNGGrouping -->
