<?xml version="1.0" encoding="UTF-8"?>
<!-- Generated by org.testng.reporters.JUnitReportReporter -->
<testsuite hostname="Jintu" failures="0" tests="1" name="testNGExtent.ExampleTestNG" time="0.017" errors="0" timestamp="2022-03-30T09:16:30 IST" skipped="0">
  <testcase classname="testNGExtent.ExampleTestNG" name="example" time="0.017"/>
  <system-out/>
</testsuite> <!-- testNGExtent.ExampleTestNG -->
